2023-01-10T09:55:01.112671Z 0 [Warning] [MY-010097] [Server] Insecure configuration for --secure-file-priv: Current value does not restrict location of generated files. Consider setting it to a valid, non-empty path.
2023-01-10T09:55:01.112712Z 0 [Warning] [MY-010918] [Server] 'default_authentication_plugin' is deprecated and will be removed in a future release. Please use authentication_policy instead.
2023-01-10T09:55:01.112738Z 0 [System] [MY-010116] [Server] C:\laragon\bin\mysql\mysql-8.0.30-winx64\bin\mysqld (mysqld 8.0.30) starting as process 3060
2023-01-10T09:55:01.132134Z 1 [System] [MY-013576] [InnoDB] InnoDB initialization has started.
2023-01-10T09:55:02.700821Z 1 [System] [MY-013577] [InnoDB] InnoDB initialization has ended.
2023-01-10T09:55:03.174032Z 0 [Warning] [MY-013829] [Server] Missing data directory for ICU regular expressions: C:\laragon\bin\mysql\mysql-8.0.30-winx64\lib\private\.
2023-01-10T09:55:03.176997Z 0 [Warning] [MY-010068] [Server] CA certificate ca.pem is self signed.
2023-01-10T09:55:03.177291Z 0 [System] [MY-013602] [Server] Channel mysql_main configured to support TLS. Encrypted connections are now supported for this channel.
2023-01-10T09:55:03.217303Z 0 [System] [MY-011323] [Server] X Plugin ready for connections. Bind-address: '::' port: 33060
2023-01-10T09:55:03.217365Z 0 [System] [MY-010931] [Server] C:\laragon\bin\mysql\mysql-8.0.30-winx64\bin\mysqld: ready for connections. Version: '8.0.30'  socket: ''  port: 3306  MySQL Community Server - GPL.
2023-01-13T11:27:36.573762Z 8 [System] [MY-013172] [Server] Received SHUTDOWN from user root. Shutting down mysqld (Version: 8.0.30).
2023-01-13T11:27:36.575713Z 0 [System] [MY-013105] [Server] C:\laragon\bin\mysql\mysql-8.0.30-winx64\bin\mysqld: Normal shutdown.
2023-01-13T11:27:37.063986Z 0 [System] [MY-010910] [Server] C:\laragon\bin\mysql\mysql-8.0.30-winx64\bin\mysqld: Shutdown complete (mysqld 8.0.30)  MySQL Community Server - GPL.
2023-01-13T11:28:49.014685Z 0 [Warning] [MY-010097] [Server] Insecure configuration for --secure-file-priv: Current value does not restrict location of generated files. Consider setting it to a valid, non-empty path.
2023-01-13T11:28:49.014732Z 0 [Warning] [MY-010918] [Server] 'default_authentication_plugin' is deprecated and will be removed in a future release. Please use authentication_policy instead.
2023-01-13T11:28:49.014760Z 0 [System] [MY-010116] [Server] C:\laragon\bin\mysql\mysql-8.0.30-winx64\bin\mysqld (mysqld 8.0.30) starting as process 4708
2023-01-13T11:28:49.050609Z 1 [System] [MY-013576] [InnoDB] InnoDB initialization has started.
2023-01-13T11:28:50.686877Z 1 [System] [MY-013577] [InnoDB] InnoDB initialization has ended.
2023-01-13T11:28:51.365657Z 0 [Warning] [MY-013829] [Server] Missing data directory for ICU regular expressions: C:\laragon\bin\mysql\mysql-8.0.30-winx64\lib\private\.
2023-01-13T11:28:51.372309Z 0 [Warning] [MY-010068] [Server] CA certificate ca.pem is self signed.
2023-01-13T11:28:51.372612Z 0 [System] [MY-013602] [Server] Channel mysql_main configured to support TLS. Encrypted connections are now supported for this channel.
2023-01-13T11:28:51.425476Z 0 [System] [MY-011323] [Server] X Plugin ready for connections. Bind-address: '::' port: 33060
2023-01-13T11:28:51.425548Z 0 [System] [MY-010931] [Server] C:\laragon\bin\mysql\mysql-8.0.30-winx64\bin\mysqld: ready for connections. Version: '8.0.30'  socket: ''  port: 3306  MySQL Community Server - GPL.
2023-01-13T14:30:10.445782Z 11 [Warning] [MY-013360] [Server] Plugin sha256_password reported: ''sha256_password' is deprecated and will be removed in a future release. Please use caching_sha2_password instead'
2023-01-13T15:59:25.258238Z 38 [System] [MY-013172] [Server] Received SHUTDOWN from user root. Shutting down mysqld (Version: 8.0.30).
2023-01-13T15:59:25.258833Z 0 [System] [MY-013105] [Server] C:\laragon\bin\mysql\mysql-8.0.30-winx64\bin\mysqld: Normal shutdown.
2023-01-13T15:59:27.272028Z 0 [Warning] [MY-010909] [Server] C:\laragon\bin\mysql\mysql-8.0.30-winx64\bin\mysqld: Forcing close of thread 8  user: 'root'.
2023-01-13T15:59:27.274327Z 0 [Warning] [MY-010909] [Server] C:\laragon\bin\mysql\mysql-8.0.30-winx64\bin\mysqld: Forcing close of thread 9  user: 'root'.
2023-01-13T15:59:27.276352Z 0 [Warning] [MY-010909] [Server] C:\laragon\bin\mysql\mysql-8.0.30-winx64\bin\mysqld: Forcing close of thread 10  user: 'root'.
2023-01-13T15:59:27.277038Z 0 [Warning] [MY-010909] [Server] C:\laragon\bin\mysql\mysql-8.0.30-winx64\bin\mysqld: Forcing close of thread 28  user: 'root'.
2023-01-13T15:59:27.906779Z 0 [System] [MY-010910] [Server] C:\laragon\bin\mysql\mysql-8.0.30-winx64\bin\mysqld: Shutdown complete (mysqld 8.0.30)  MySQL Community Server - GPL.
2023-01-13T16:00:55.930041Z 0 [Warning] [MY-010097] [Server] Insecure configuration for --secure-file-priv: Current value does not restrict location of generated files. Consider setting it to a valid, non-empty path.
2023-01-13T16:00:55.930850Z 0 [Warning] [MY-010918] [Server] 'default_authentication_plugin' is deprecated and will be removed in a future release. Please use authentication_policy instead.
2023-01-13T16:00:55.930906Z 0 [System] [MY-010116] [Server] C:\laragon\bin\mysql\mysql-8.0.30-winx64\bin\mysqld (mysqld 8.0.30) starting as process 14148
2023-01-13T16:00:56.046062Z 1 [System] [MY-013576] [InnoDB] InnoDB initialization has started.
2023-01-13T16:00:58.037608Z 1 [System] [MY-013577] [InnoDB] InnoDB initialization has ended.
2023-01-13T16:00:58.622154Z 0 [Warning] [MY-013829] [Server] Missing data directory for ICU regular expressions: C:\laragon\bin\mysql\mysql-8.0.30-winx64\lib\private\.
2023-01-13T16:00:58.665551Z 0 [Warning] [MY-010068] [Server] CA certificate ca.pem is self signed.
2023-01-13T16:00:58.665852Z 0 [System] [MY-013602] [Server] Channel mysql_main configured to support TLS. Encrypted connections are now supported for this channel.
2023-01-13T16:00:58.786274Z 0 [System] [MY-011323] [Server] X Plugin ready for connections. Bind-address: '::' port: 33060
2023-01-13T16:00:58.786373Z 0 [System] [MY-010931] [Server] C:\laragon\bin\mysql\mysql-8.0.30-winx64\bin\mysqld: ready for connections. Version: '8.0.30'  socket: ''  port: 3306  MySQL Community Server - GPL.
2023-01-20T09:42:21.219593Z 0 [Warning] [MY-010097] [Server] Insecure configuration for --secure-file-priv: Current value does not restrict location of generated files. Consider setting it to a valid, non-empty path.
2023-01-20T09:42:21.220270Z 0 [Warning] [MY-010918] [Server] 'default_authentication_plugin' is deprecated and will be removed in a future release. Please use authentication_policy instead.
2023-01-20T09:42:21.220328Z 0 [System] [MY-010116] [Server] C:\laragon\bin\mysql\mysql-8.0.30-winx64\bin\mysqld (mysqld 8.0.30) starting as process 10904
2023-01-20T09:42:21.312889Z 1 [System] [MY-013576] [InnoDB] InnoDB initialization has started.
2023-01-20T09:42:23.451567Z 1 [System] [MY-013577] [InnoDB] InnoDB initialization has ended.
2023-01-20T09:42:23.885662Z 0 [System] [MY-010229] [Server] Starting XA crash recovery...
2023-01-20T09:42:23.888712Z 0 [System] [MY-010232] [Server] XA crash recovery finished.
2023-01-20T09:42:23.947092Z 0 [Warning] [MY-013829] [Server] Missing data directory for ICU regular expressions: C:\laragon\bin\mysql\mysql-8.0.30-winx64\lib\private\.
2023-01-20T09:42:24.006064Z 0 [Warning] [MY-010068] [Server] CA certificate ca.pem is self signed.
2023-01-20T09:42:24.006347Z 0 [System] [MY-013602] [Server] Channel mysql_main configured to support TLS. Encrypted connections are now supported for this channel.
2023-01-20T09:42:24.081610Z 0 [System] [MY-011323] [Server] X Plugin ready for connections. Bind-address: '::' port: 33060
2023-01-20T09:42:24.081692Z 0 [System] [MY-010931] [Server] C:\laragon\bin\mysql\mysql-8.0.30-winx64\bin\mysqld: ready for connections. Version: '8.0.30'  socket: ''  port: 3306  MySQL Community Server - GPL.
2023-01-24T10:00:36.397672Z 0 [Warning] [MY-010097] [Server] Insecure configuration for --secure-file-priv: Current value does not restrict location of generated files. Consider setting it to a valid, non-empty path.
2023-01-24T10:00:36.398457Z 0 [Warning] [MY-010918] [Server] 'default_authentication_plugin' is deprecated and will be removed in a future release. Please use authentication_policy instead.
2023-01-24T10:00:36.398487Z 0 [System] [MY-010116] [Server] C:\laragon\bin\mysql\mysql-8.0.30-winx64\bin\mysqld (mysqld 8.0.30) starting as process 7088
2023-01-24T10:00:36.499858Z 1 [System] [MY-013576] [InnoDB] InnoDB initialization has started.
2023-01-24T10:00:38.465901Z 1 [System] [MY-013577] [InnoDB] InnoDB initialization has ended.
2023-01-24T10:00:38.920593Z 0 [System] [MY-010229] [Server] Starting XA crash recovery...
2023-01-24T10:00:38.925694Z 0 [System] [MY-010232] [Server] XA crash recovery finished.
2023-01-24T10:00:39.033560Z 0 [Warning] [MY-013829] [Server] Missing data directory for ICU regular expressions: C:\laragon\bin\mysql\mysql-8.0.30-winx64\lib\private\.
2023-01-24T10:00:39.087520Z 0 [Warning] [MY-010068] [Server] CA certificate ca.pem is self signed.
2023-01-24T10:00:39.087825Z 0 [System] [MY-013602] [Server] Channel mysql_main configured to support TLS. Encrypted connections are now supported for this channel.
2023-01-24T10:00:39.166796Z 0 [System] [MY-011323] [Server] X Plugin ready for connections. Bind-address: '::' port: 33060
2023-01-24T10:00:39.166931Z 0 [System] [MY-010931] [Server] C:\laragon\bin\mysql\mysql-8.0.30-winx64\bin\mysqld: ready for connections. Version: '8.0.30'  socket: ''  port: 3306  MySQL Community Server - GPL.
2023-01-25T09:50:01.949137Z 0 [Warning] [MY-010097] [Server] Insecure configuration for --secure-file-priv: Current value does not restrict location of generated files. Consider setting it to a valid, non-empty path.
2023-01-25T09:50:01.949919Z 0 [Warning] [MY-010918] [Server] 'default_authentication_plugin' is deprecated and will be removed in a future release. Please use authentication_policy instead.
2023-01-25T09:50:01.949953Z 0 [System] [MY-010116] [Server] C:\laragon\bin\mysql\mysql-8.0.30-winx64\bin\mysqld (mysqld 8.0.30) starting as process 504
2023-01-25T09:50:02.021348Z 1 [System] [MY-013576] [InnoDB] InnoDB initialization has started.
2023-01-25T09:50:04.045508Z 1 [System] [MY-013577] [InnoDB] InnoDB initialization has ended.
2023-01-25T09:50:04.519911Z 0 [System] [MY-010229] [Server] Starting XA crash recovery...
2023-01-25T09:50:04.523259Z 0 [System] [MY-010232] [Server] XA crash recovery finished.
2023-01-25T09:50:04.579672Z 0 [Warning] [MY-013829] [Server] Missing data directory for ICU regular expressions: C:\laragon\bin\mysql\mysql-8.0.30-winx64\lib\private\.
2023-01-25T09:50:04.652017Z 0 [Warning] [MY-010068] [Server] CA certificate ca.pem is self signed.
2023-01-25T09:50:04.652301Z 0 [System] [MY-013602] [Server] Channel mysql_main configured to support TLS. Encrypted connections are now supported for this channel.
2023-01-25T09:50:04.759373Z 0 [System] [MY-011323] [Server] X Plugin ready for connections. Bind-address: '::' port: 33060
2023-01-25T09:50:04.759508Z 0 [System] [MY-010931] [Server] C:\laragon\bin\mysql\mysql-8.0.30-winx64\bin\mysqld: ready for connections. Version: '8.0.30'  socket: ''  port: 3306  MySQL Community Server - GPL.
2023-01-27T08:36:33.506974Z 0 [Warning] [MY-010097] [Server] Insecure configuration for --secure-file-priv: Current value does not restrict location of generated files. Consider setting it to a valid, non-empty path.
2023-01-27T08:36:33.508086Z 0 [Warning] [MY-010918] [Server] 'default_authentication_plugin' is deprecated and will be removed in a future release. Please use authentication_policy instead.
2023-01-27T08:36:33.508139Z 0 [System] [MY-010116] [Server] C:\laragon\bin\mysql\mysql-8.0.30-winx64\bin\mysqld (mysqld 8.0.30) starting as process 1740
2023-01-27T08:36:33.612006Z 1 [System] [MY-013576] [InnoDB] InnoDB initialization has started.
2023-01-27T08:36:35.735962Z 1 [System] [MY-013577] [InnoDB] InnoDB initialization has ended.
2023-01-27T08:36:36.295579Z 0 [System] [MY-010229] [Server] Starting XA crash recovery...
2023-01-27T08:36:36.300104Z 0 [System] [MY-010232] [Server] XA crash recovery finished.
2023-01-27T08:36:36.372382Z 0 [Warning] [MY-013829] [Server] Missing data directory for ICU regular expressions: C:\laragon\bin\mysql\mysql-8.0.30-winx64\lib\private\.
2023-01-27T08:36:36.441895Z 0 [Warning] [MY-010068] [Server] CA certificate ca.pem is self signed.
2023-01-27T08:36:36.442358Z 0 [System] [MY-013602] [Server] Channel mysql_main configured to support TLS. Encrypted connections are now supported for this channel.
2023-01-27T08:36:36.535605Z 0 [System] [MY-011323] [Server] X Plugin ready for connections. Bind-address: '::' port: 33060
2023-01-27T08:36:36.535949Z 0 [System] [MY-010931] [Server] C:\laragon\bin\mysql\mysql-8.0.30-winx64\bin\mysqld: ready for connections. Version: '8.0.30'  socket: ''  port: 3306  MySQL Community Server - GPL.
2023-01-30T10:42:18.327834Z 0 [Warning] [MY-010097] [Server] Insecure configuration for --secure-file-priv: Current value does not restrict location of generated files. Consider setting it to a valid, non-empty path.
2023-01-30T10:42:18.328591Z 0 [Warning] [MY-010918] [Server] 'default_authentication_plugin' is deprecated and will be removed in a future release. Please use authentication_policy instead.
2023-01-30T10:42:18.328629Z 0 [System] [MY-010116] [Server] C:\laragon\bin\mysql\mysql-8.0.30-winx64\bin\mysqld (mysqld 8.0.30) starting as process 9504
2023-01-30T10:42:18.402952Z 1 [System] [MY-013576] [InnoDB] InnoDB initialization has started.
2023-01-30T10:42:18.967132Z 1 [System] [MY-013577] [InnoDB] InnoDB initialization has ended.
2023-01-30T10:42:18.967140Z 0 [System] [MY-010229] [Server] Starting XA crash recovery...
2023-01-30T10:42:18.967143Z 0 [System] [MY-010232] [Server] XA crash recovery finished.
2023-01-30T10:42:18.967148Z 0 [Warning] [MY-013829] [Server] Missing data directory for ICU regular expressions: C:\laragon\bin\mysql\mysql-8.0.30-winx64\lib\private\.
2023-01-30T10:42:18.967152Z 0 [Warning] [MY-010068] [Server] CA certificate ca.pem is self signed.
2023-01-30T10:42:18.967153Z 0 [System] [MY-013602] [Server] Channel mysql_main configured to support TLS. Encrypted connections are now supported for this channel.
2023-01-30T10:42:18.967164Z 0 [System] [MY-011323] [Server] X Plugin ready for connections. Bind-address: '::' port: 33060
2023-01-30T10:42:18.967165Z 0 [System] [MY-010931] [Server] C:\laragon\bin\mysql\mysql-8.0.30-winx64\bin\mysqld: ready for connections. Version: '8.0.30'  socket: ''  port: 3306  MySQL Community Server - GPL.
